-------------------------------------------------

                    Log Start: 2024-09-25 11:29:18

                    Name: Vaazid Khan

                    -------------------------------------------------


                    2024-09-25 11:29:18 INFO  UserTests2:45 - ****************Creating User******************
-------------------------------------------------

                    Log Start: 2024-09-25 11:29:19

                    Name: Vaazid Khan

                    -------------------------------------------------


                    2024-09-25 11:29:19 INFO  UserTests2:53 - ****************User is created******************
-------------------------------------------------

                    Log Start: 2024-09-25 11:29:19

                    Name: Vaazid Khan

                    -------------------------------------------------


                    2024-09-25 11:29:19 INFO  UserTests2:60 - ****************Reading User Info******************
-------------------------------------------------

                    Log Start: 2024-09-25 11:29:21

                    Name: Vaazid Khan

                    -------------------------------------------------


                    2024-09-25 11:29:21 INFO  UserTests2:67 - ****************User info is displayed******************
-------------------------------------------------

                    Log Start: 2024-09-25 11:29:21

                    Name: Vaazid Khan

                    -------------------------------------------------


                    2024-09-25 11:29:21 INFO  UserTests2:72 - ****************Updating user info******************
-------------------------------------------------

                    Log Start: 2024-09-25 11:29:23

                    Name: Vaazid Khan

                    -------------------------------------------------


                    2024-09-25 11:29:23 INFO  UserTests2:90 - ****************User Info is Updated******************
-------------------------------------------------

                    Log Start: 2024-09-25 11:29:23

                    Name: Vaazid Khan

                    -------------------------------------------------


                    2024-09-25 11:29:23 INFO  UserTests2:95 - ****************Deleting user******************
-------------------------------------------------

                    Log Start: 2024-09-25 11:29:25

                    Name: Vaazid Khan

                    -------------------------------------------------


                    2024-09-25 11:29:25 INFO  UserTests2:100 - ****************User is deleted******************
