-------------------------------------------------
Name: Vaazid Khan
Log Start: 2024-09-27T12:00:39.578000500
-------------------------------------------------

2024-09-27 12:00:43 INFO  UserTests2:45 - ****************Creating User******************
2024-09-27 12:00:44 INFO  UserTests2:53 - ****************User is created******************
2024-09-27 12:00:44 INFO  UserTests2:60 - ****************Reading User Info******************
2024-09-27 12:00:46 INFO  UserTests2:67 - ****************User info is displayed******************
2024-09-27 12:00:46 INFO  UserTests2:72 - ****************Updating user info******************
2024-09-27 12:00:48 INFO  UserTests2:90 - ****************User Info is Updated******************
2024-09-27 12:00:48 INFO  UserTests2:95 - ****************Deleting user******************
2024-09-27 12:00:50 INFO  UserTests2:100 - ****************User is deleted******************
-------------------------------------------------
Name: Vaazid Khan
Log Start: 2024-09-27T12:06:11.863453800
-------------------------------------------------

2024-09-27 12:06:15 INFO  UserTests2:45 - ****************Creating User******************
2024-09-27 12:06:17 INFO  UserTests2:53 - ****************User is created******************
2024-09-27 12:06:17 INFO  UserTests2:60 - ****************Reading User Info******************
2024-09-27 12:06:18 INFO  UserTests2:67 - ****************User info is displayed******************
2024-09-27 12:06:18 INFO  UserTests2:72 - ****************Updating user info******************
2024-09-27 12:06:21 INFO  UserTests2:90 - ****************User Info is Updated******************
2024-09-27 12:06:21 INFO  UserTests2:95 - ****************Deleting user******************
2024-09-27 12:06:22 INFO  UserTests2:100 - ****************User is deleted******************
-------------------------------------------------
Log End: 2024-09-27T12:06:29.983985300
-------------------------------------------------

